/*C3*/SET SCHEMA PUBLIC
\u000a    alter table Reporte_Operacion \u000a        drop constraint UK_rq4tiwa4vuhdv27kogb8xxnw5
\u000a    alter table Reporte_Operacion \u000a        add constraint UK_rq4tiwa4vuhdv27kogb8xxnw5  unique (operaciones_operacion_id)
INSERT INTO TIPODEUSUARIO VALUES('TA',28)
INSERT INTO USUARIOS VALUES(28,'e10adc3949ba59abbe56e057f20f883e','jose55',28)
COMMIT
INSERT INTO DIRECCIONPOSTAL VALUES(78,'La Plata','Calle 12','Argentina','Buenos Aires')
INSERT INTO CATEGORIADEENTIDAD VALUES(95,'ONG')
INSERT INTO ENTIDADORGANIZACIONAL VALUES(128,'Cruz Roja',95)
INSERT INTO ENTIDADJURIDICA VALUES('jih5524','30701258651','Cruz Roja.',128,78)
COMMIT
INSERT INTO DIRECCIONPOSTAL VALUES(79,'Ciudad de Buenos Aires','Macacha G\u00fcemes 515','Argentina','Buenos Aires')
INSERT INTO CATEGORIADEENTIDAD VALUES(96,'SA')
INSERT INTO ENTIDADORGANIZACIONAL VALUES(129,'YPF',95)
INSERT INTO ENTIDADJURIDICA VALUES('5524jih','25865130701','YPF S.A.',129,79)
COMMIT
INSERT INTO ENTIDADORGANIZACIONAL VALUES(130,'Panaderia Luna',96)
INSERT INTO ENTIDADBASE VALUES('Elaboracion de panificados',130)
COMMIT
INSERT INTO DIRECCIONPOSTAL VALUES(80,'Ciudad de Buenos Aires','Calle 12','Argentina','Buenos Aires')
INSERT INTO ENTIDADORGANIZACIONAL VALUES(131,'Medicos Sin Fronteras',95)
INSERT INTO ENTIDADJURIDICA VALUES('jih5524','123456789','Medicos Sin Fronteras',131,80)
COMMIT
INSERT INTO CATEGORIADEENTIDAD VALUES(97,'Industria Agropecuaria')
INSERT INTO ENTIDADORGANIZACIONAL VALUES(132,'La huerta',97)
INSERT INTO ENTIDADBASE VALUES('La huerta',132)
COMMIT
